2022-2022-12 08:55 [INFO][restartedMain][c.e.e.EmployeePayrollAppSpringBootApplication:51] Starting EmployeePayrollAppSpringBootApplication using Java 19.0.1 with PID 1704 (C:\Users\Administrator\Desktop\EmployeePayrollAppSB1\EmployeePayrollAppSpringBoot\target\classes started by Administrator in C:\Users\Administrator\Desktop\EmployeePayrollAppSB1\EmployeePayrollAppSpringBoot)
2022-2022-12 08:55 [INFO][restartedMain][c.e.e.EmployeePayrollAppSpringBootApplication:630] No active profile set, falling back to 1 default profile: "default"
2022-2022-12 08:55 [INFO][restartedMain][o.s.b.d.r.ChangeableUrls:250] The Class-Path manifest attribute in C:\Users\Administrator\.m2\repository\com\sun\xml\bind\jaxb-impl\4.0.1\jaxb-impl-4.0.1.jar referenced one or more files that do not exist: file:/C:/Users/Administrator/.m2/repository/com/sun/xml/bind/jaxb-impl/4.0.1/jaxb-core.jar,file:/C:/Users/Administrator/.m2/repository/com/sun/xml/bind/jaxb-impl/4.0.1/angus-activation.jar
2022-2022-12 08:55 [INFO][restartedMain][o.s.b.d.r.ChangeableUrls:250] The Class-Path manifest attribute in C:\Users\Administrator\.m2\repository\com\sun\xml\bind\jaxb-core\4.0.1\jaxb-core-4.0.1.jar referenced one or more files that do not exist: file:/C:/Users/Administrator/.m2/repository/com/sun/xml/bind/jaxb-core/4.0.1/jakarta.activation-api.jar,file:/C:/Users/Administrator/.m2/repository/com/sun/xml/bind/jaxb-core/4.0.1/jakarta.xml.bind-api.jar
2022-2022-12 08:55 [INFO][restartedMain][o.s.b.d.e.DevToolsPropertyDefaultsPostProcessor:250] Devtools property defaults active! Set 'spring.devtools.add-properties' to 'false' to disable
2022-2022-12 08:55 [INFO][restartedMain][o.s.b.d.e.DevToolsPropertyDefaultsPostProcessor:250] For additional web related logging consider setting the 'logging.level.web' property to 'DEBUG'
2022-2022-12 08:55 [INFO][restartedMain][o.s.d.r.c.RepositoryConfigurationDelegate:138] Bootstrapping Spring Data JPA repositories in DEFAULT mode.
2022-2022-12 08:55 [INFO][restartedMain][o.s.d.r.c.RepositoryConfigurationDelegate:208] Finished Spring Data repository scanning in 185 ms. Found 1 JPA repository interfaces.
2022-2022-12 08:55 [INFO][restartedMain][o.s.c.s.PostProcessorRegistrationDelegate$BeanPostProcessorChecker:409] Bean 'org.springframework.ws.config.annotation.DelegatingWsConfiguration' of type [org.springframework.ws.config.annotation.DelegatingWsConfiguration$$SpringCGLIB$$0] is not eligible for getting processed by all BeanPostProcessors (for example: not eligible for auto-proxying)
2022-2022-12 08:55 [INFO][restartedMain][o.s.w.s.a.s.AnnotationActionEndpointMapping:239] Supporting [WS-Addressing August 2004, WS-Addressing 1.0]
2022-2022-12 08:55 [INFO][restartedMain][o.s.b.w.e.t.TomcatWebServer:114] Tomcat initialized with port(s): 8081 (http)
2022-2022-12 08:55 [INFO][restartedMain][o.a.c.c.StandardService:173] Starting service [Tomcat]
2022-2022-12 08:55 [INFO][restartedMain][o.a.c.c.StandardEngine:173] Starting Servlet engine: [Apache Tomcat/10.1.1]
2022-2022-12 08:55 [INFO][restartedMain][o.a.c.c.C.[.[.[/]:173] Initializing Spring embedded WebApplicationContext
2022-2022-12 08:55 [INFO][restartedMain][o.s.b.w.s.c.ServletWebServerApplicationContext:291] Root WebApplicationContext: initialization completed in 7500 ms
2022-2022-12 08:55 [INFO][restartedMain][o.h.j.i.u.LogHelper:31] HHH000204: Processing PersistenceUnitInfo [name: default]
2022-2022-12 08:55 [INFO][restartedMain][o.h.Version:44] HHH000412: Hibernate ORM core version 6.1.5.Final
2022-2022-12 08:55 [WARN][restartedMain][o.h.o.deprecation:626] HHH90000021: Encountered deprecated setting [javax.persistence.sharedCache.mode], use [jakarta.persistence.sharedCache.mode] instead
2022-2022-12 08:55 [INFO][restartedMain][c.z.h.HikariDataSource:110] HikariPool-1 - Starting...
2022-2022-12 08:55 [INFO][restartedMain][c.z.h.p.HikariPool:565] HikariPool-1 - Added connection com.mysql.cj.jdbc.ConnectionImpl@50c505be
2022-2022-12 08:55 [INFO][restartedMain][c.z.h.HikariDataSource:123] HikariPool-1 - Start completed.
2022-2022-12 08:55 [INFO][restartedMain][SQL dialect:66] HHH000400: Using dialect: org.hibernate.dialect.MySQLDialect
2022-2022-12 08:55 [INFO][restartedMain][o.h.e.t.j.p.i.JtaPlatformInitiator:51] HHH000490: Using JtaPlatform implementation: [org.hibernate.engine.transaction.jta.platform.internal.NoJtaPlatform]
2022-2022-12 08:55 [INFO][restartedMain][o.s.o.j.LocalContainerEntityManagerFactoryBean:437] Initialized JPA EntityManagerFactory for persistence unit 'default'
2022-2022-12 08:55 [WARN][restartedMain][o.s.b.a.o.j.JpaBaseConfiguration$JpaWebConfiguration:227] spring.jpa.open-in-view is enabled by default. Therefore, database queries may be performed during view rendering. Explicitly configure spring.jpa.open-in-view to disable this warning
2022-2022-12 08:55 [WARN][restartedMain][o.s.b.a.t.ThymeleafAutoConfiguration$DefaultTemplateResolverConfiguration:101] Cannot find template location: classpath:/templates/ (please add some templates, check your Thymeleaf configuration, or set spring.thymeleaf.check-template-location=false)
2022-2022-12 08:55 [INFO][restartedMain][o.s.b.d.a.OptionalLiveReloadServer:59] LiveReload server is running on port 35729
2022-2022-12 08:55 [INFO][restartedMain][o.s.b.w.e.t.TomcatWebServer:226] Tomcat started on port(s): 8081 (http) with context path ''
2022-2022-12 08:55 [INFO][restartedMain][c.e.e.EmployeePayrollAppSpringBootApplication:57] Started EmployeePayrollAppSpringBootApplication in 17.726 seconds (process running for 26.094)
2022-2022-12 08:55 [INFO][http-nio-8081-exec-1][o.a.c.c.C.[.[.[/]:173] Initializing Spring DispatcherServlet 'dispatcherServlet'
2022-2022-12 08:55 [INFO][http-nio-8081-exec-1][o.s.w.s.DispatcherServlet:525] Initializing Servlet 'dispatcherServlet'
2022-2022-12 08:55 [INFO][http-nio-8081-exec-1][o.s.w.s.DispatcherServlet:547] Completed initialization in 3 ms
2022-2022-12 12:18 [INFO][restartedMain][c.e.e.EmployeePayrollAppSpringBootApplication:51] Starting EmployeePayrollAppSpringBootApplication using Java 19.0.1 with PID 7972 (C:\Users\Administrator\Desktop\EmployeePayrollAppSB1\EmployeePayrollAppSpringBoot\target\classes started by Administrator in C:\Users\Administrator\Desktop\EmployeePayrollAppSB1\EmployeePayrollAppSpringBoot)
2022-2022-12 12:18 [INFO][restartedMain][c.e.e.EmployeePayrollAppSpringBootApplication:630] No active profile set, falling back to 1 default profile: "default"
2022-2022-12 12:18 [INFO][restartedMain][o.s.b.d.r.ChangeableUrls:250] The Class-Path manifest attribute in C:\Users\Administrator\.m2\repository\com\sun\xml\bind\jaxb-impl\4.0.1\jaxb-impl-4.0.1.jar referenced one or more files that do not exist: file:/C:/Users/Administrator/.m2/repository/com/sun/xml/bind/jaxb-impl/4.0.1/jaxb-core.jar,file:/C:/Users/Administrator/.m2/repository/com/sun/xml/bind/jaxb-impl/4.0.1/angus-activation.jar
2022-2022-12 12:18 [INFO][restartedMain][o.s.b.d.r.ChangeableUrls:250] The Class-Path manifest attribute in C:\Users\Administrator\.m2\repository\com\sun\xml\bind\jaxb-core\4.0.1\jaxb-core-4.0.1.jar referenced one or more files that do not exist: file:/C:/Users/Administrator/.m2/repository/com/sun/xml/bind/jaxb-core/4.0.1/jakarta.activation-api.jar,file:/C:/Users/Administrator/.m2/repository/com/sun/xml/bind/jaxb-core/4.0.1/jakarta.xml.bind-api.jar
2022-2022-12 12:18 [INFO][restartedMain][o.s.b.d.e.DevToolsPropertyDefaultsPostProcessor:250] Devtools property defaults active! Set 'spring.devtools.add-properties' to 'false' to disable
2022-2022-12 12:18 [INFO][restartedMain][o.s.b.d.e.DevToolsPropertyDefaultsPostProcessor:250] For additional web related logging consider setting the 'logging.level.web' property to 'DEBUG'
2022-2022-12 12:18 [INFO][restartedMain][o.s.d.r.c.RepositoryConfigurationDelegate:138] Bootstrapping Spring Data JPA repositories in DEFAULT mode.
2022-2022-12 12:18 [INFO][restartedMain][o.s.d.r.c.RepositoryConfigurationDelegate:208] Finished Spring Data repository scanning in 156 ms. Found 1 JPA repository interfaces.
2022-2022-12 12:18 [INFO][restartedMain][o.s.c.s.PostProcessorRegistrationDelegate$BeanPostProcessorChecker:409] Bean 'org.springframework.ws.config.annotation.DelegatingWsConfiguration' of type [org.springframework.ws.config.annotation.DelegatingWsConfiguration$$SpringCGLIB$$0] is not eligible for getting processed by all BeanPostProcessors (for example: not eligible for auto-proxying)
2022-2022-12 12:18 [INFO][restartedMain][o.s.w.s.a.s.AnnotationActionEndpointMapping:239] Supporting [WS-Addressing August 2004, WS-Addressing 1.0]
2022-2022-12 12:18 [INFO][restartedMain][o.s.b.w.e.t.TomcatWebServer:114] Tomcat initialized with port(s): 8081 (http)
2022-2022-12 12:18 [INFO][restartedMain][o.a.c.c.StandardService:173] Starting service [Tomcat]
2022-2022-12 12:18 [INFO][restartedMain][o.a.c.c.StandardEngine:173] Starting Servlet engine: [Apache Tomcat/10.1.1]
2022-2022-12 12:19 [INFO][restartedMain][o.a.c.c.C.[.[.[/]:173] Initializing Spring embedded WebApplicationContext
2022-2022-12 12:19 [INFO][restartedMain][o.s.b.w.s.c.ServletWebServerApplicationContext:291] Root WebApplicationContext: initialization completed in 4646 ms
2022-2022-12 12:19 [INFO][restartedMain][o.h.j.i.u.LogHelper:31] HHH000204: Processing PersistenceUnitInfo [name: default]
2022-2022-12 12:19 [INFO][restartedMain][o.h.Version:44] HHH000412: Hibernate ORM core version 6.1.5.Final
2022-2022-12 12:19 [WARN][restartedMain][o.h.o.deprecation:626] HHH90000021: Encountered deprecated setting [javax.persistence.sharedCache.mode], use [jakarta.persistence.sharedCache.mode] instead
2022-2022-12 12:19 [INFO][restartedMain][c.z.h.HikariDataSource:110] HikariPool-1 - Starting...
2022-2022-12 12:19 [INFO][restartedMain][c.z.h.p.HikariPool:565] HikariPool-1 - Added connection com.mysql.cj.jdbc.ConnectionImpl@71bdd4d7
2022-2022-12 12:19 [INFO][restartedMain][c.z.h.HikariDataSource:123] HikariPool-1 - Start completed.
2022-2022-12 12:19 [INFO][restartedMain][SQL dialect:66] HHH000400: Using dialect: org.hibernate.dialect.MySQLDialect
2022-2022-12 12:19 [INFO][restartedMain][o.h.e.t.j.p.i.JtaPlatformInitiator:51] HHH000490: Using JtaPlatform implementation: [org.hibernate.engine.transaction.jta.platform.internal.NoJtaPlatform]
2022-2022-12 12:19 [INFO][restartedMain][o.s.o.j.LocalContainerEntityManagerFactoryBean:437] Initialized JPA EntityManagerFactory for persistence unit 'default'
2022-2022-12 12:19 [WARN][restartedMain][o.s.b.a.o.j.JpaBaseConfiguration$JpaWebConfiguration:227] spring.jpa.open-in-view is enabled by default. Therefore, database queries may be performed during view rendering. Explicitly configure spring.jpa.open-in-view to disable this warning
2022-2022-12 12:19 [WARN][restartedMain][o.s.b.a.t.ThymeleafAutoConfiguration$DefaultTemplateResolverConfiguration:101] Cannot find template location: classpath:/templates/ (please add some templates, check your Thymeleaf configuration, or set spring.thymeleaf.check-template-location=false)
2022-2022-12 12:19 [INFO][restartedMain][o.s.b.d.a.OptionalLiveReloadServer:59] LiveReload server is running on port 35729
2022-2022-12 12:19 [INFO][restartedMain][o.s.b.w.e.t.TomcatWebServer:226] Tomcat started on port(s): 8081 (http) with context path ''
2022-2022-12 12:19 [INFO][restartedMain][c.e.e.EmployeePayrollAppSpringBootApplication:57] Started EmployeePayrollAppSpringBootApplication in 15.674 seconds (process running for 18.299)
2022-2022-12 12:20 [INFO][http-nio-8081-exec-2][o.a.c.c.C.[.[.[/]:173] Initializing Spring DispatcherServlet 'dispatcherServlet'
2022-2022-12 12:20 [INFO][http-nio-8081-exec-2][o.s.w.s.DispatcherServlet:525] Initializing Servlet 'dispatcherServlet'
2022-2022-12 12:20 [INFO][http-nio-8081-exec-2][o.s.w.s.DispatcherServlet:547] Completed initialization in 4 ms
2022-2022-12 12:20 [WARN][http-nio-8081-exec-4][o.h.e.j.s.SqlExceptionHelper:133] SQL Error: 1054, SQLState: 42S22
2022-2022-12 12:20 [ERROR][http-nio-8081-exec-4][o.h.e.j.s.SqlExceptionHelper:138] Unknown column 'name' in 'where clause'
2022-2022-12 12:20 [ERROR][http-nio-8081-exec-4][o.a.c.c.C.[.[.[.[dispatcherServlet]:175] Servlet.service() for servlet [dispatcherServlet] in context with path [] threw exception [Request processing failed: org.springframework.dao.InvalidDataAccessResourceUsageException: JDBC exception executing SQL [select  * from Employee e where  e.employeename=name]; SQL [n/a]] with root cause
java.sql.SQLSyntaxErrorException: Unknown column 'name' in 'where clause'
	at com.mysql.cj.jdbc.exceptions.SQLError.createSQLException(SQLError.java:120)
	at com.mysql.cj.jdbc.exceptions.SQLExceptionsMapping.translateException(SQLExceptionsMapping.java:122)
	at com.mysql.cj.jdbc.ClientPreparedStatement.executeInternal(ClientPreparedStatement.java:916)
	at com.mysql.cj.jdbc.ClientPreparedStatement.executeQuery(ClientPreparedStatement.java:972)
	at com.zaxxer.hikari.pool.ProxyPreparedStatement.executeQuery(ProxyPreparedStatement.java:52)
	at com.zaxxer.hikari.pool.HikariProxyPreparedStatement.executeQuery(HikariProxyPreparedStatement.java)
	at org.hibernate.sql.results.jdbc.internal.DeferredResultSetAccess.executeQuery(DeferredResultSetAccess.java:217)
	at org.hibernate.sql.results.jdbc.internal.DeferredResultSetAccess.getResultSet(DeferredResultSetAccess.java:146)
	at org.hibernate.sql.results.jdbc.internal.AbstractResultSetAccess.getMetaData(AbstractResultSetAccess.java:33)
	at org.hibernate.sql.results.jdbc.internal.AbstractResultSetAccess.getColumnCount(AbstractResultSetAccess.java:49)
	at org.hibernate.query.results.ResultSetMappingImpl.resolve(ResultSetMappingImpl.java:187)
	at org.hibernate.sql.exec.internal.JdbcSelectExecutorStandardImpl.resolveJdbcValuesSource(JdbcSelectExecutorStandardImpl.java:559)
	at org.hibernate.sql.exec.internal.JdbcSelectExecutorStandardImpl.doExecuteQuery(JdbcSelectExecutorStandardImpl.java:350)
	at org.hibernate.sql.exec.internal.JdbcSelectExecutorStandardImpl.executeQuery(JdbcSelectExecutorStandardImpl.java:166)
	at org.hibernate.sql.exec.internal.JdbcSelectExecutorStandardImpl.list(JdbcSelectExecutorStandardImpl.java:91)
	at org.hibernate.sql.exec.spi.JdbcSelectExecutor.list(JdbcSelectExecutor.java:31)
	at org.hibernate.query.sql.internal.NativeSelectQueryPlanImpl.performList(NativeSelectQueryPlanImpl.java:103)
	at org.hibernate.query.sql.internal.NativeQueryImpl.doList(NativeQueryImpl.java:596)
	at org.hibernate.query.spi.AbstractSelectionQuery.list(AbstractSelectionQuery.java:363)
	at org.hibernate.query.Query.getResultList(Query.java:94)
	at org.springframework.data.jpa.repository.query.JpaQueryExecution$CollectionExecution.doExecute(JpaQueryExecution.java:127)
	at org.springframework.data.jpa.repository.query.JpaQueryExecution.execute(JpaQueryExecution.java:90)
	at org.springframework.data.jpa.repository.query.AbstractJpaQuery.doExecute(AbstractJpaQuery.java:148)
	at org.springframework.data.jpa.repository.query.AbstractJpaQuery.execute(AbstractJpaQuery.java:136)
	at org.springframework.data.repository.core.support.RepositoryMethodInvoker.doInvoke(RepositoryMethodInvoker.java:136)
	at org.springframework.data.repository.core.support.RepositoryMethodInvoker.invoke(RepositoryMethodInvoker.java:120)
	at org.springframework.data.repository.core.support.QueryExecutorMethodInterceptor.doInvoke(QueryExecutorMethodInterceptor.java:164)
	at org.springframework.data.repository.core.support.QueryExecutorMethodInterceptor.invoke(QueryExecutorMethodInterceptor.java:143)
	at org.springframework.aop.framework.ReflectiveMethodInvocation.proceed(ReflectiveMethodInvocation.java:184)
	at org.springframework.data.projection.DefaultMethodInvokingMethodInterceptor.invoke(DefaultMethodInvokingMethodInterceptor.java:77)
	at org.springframework.aop.framework.ReflectiveMethodInvocation.proceed(ReflectiveMethodInvocation.java:184)
	at org.springframework.transaction.interceptor.TransactionInterceptor$1.proceedWithInvocation(TransactionInterceptor.java:123)
	at org.springframework.transaction.interceptor.TransactionAspectSupport.invokeWithinTransaction(TransactionAspectSupport.java:388)
	at org.springframework.transaction.interceptor.TransactionInterceptor.invoke(TransactionInterceptor.java:119)
	at org.springframework.aop.framework.ReflectiveMethodInvocation.proceed(ReflectiveMethodInvocation.java:184)
	at org.springframework.dao.support.PersistenceExceptionTranslationInterceptor.invoke(PersistenceExceptionTranslationInterceptor.java:137)
	at org.springframework.aop.framework.ReflectiveMethodInvocation.proceed(ReflectiveMethodInvocation.java:184)
	at org.springframework.data.jpa.repository.support.CrudMethodMetadataPostProcessor$CrudMethodMetadataPopulatingMethodInterceptor.invoke(CrudMethodMetadataPostProcessor.java:134)
	at org.springframework.aop.framework.ReflectiveMethodInvocation.proceed(ReflectiveMethodInvocation.java:184)
	at org.springframework.aop.interceptor.ExposeInvocationInterceptor.invoke(ExposeInvocationInterceptor.java:97)
	at org.springframework.aop.framework.ReflectiveMethodInvocation.proceed(ReflectiveMethodInvocation.java:184)
	at org.springframework.aop.framework.JdkDynamicAopProxy.invoke(JdkDynamicAopProxy.java:218)
	at jdk.proxy4/jdk.proxy4.$Proxy126.findByname(Unknown Source)
	at com.example.employeepayrollappspringboot.Service.EmployeeService.getEmployeeDataByName(EmployeeService.java:50)
	at com.example.employeepayrollappspringboot.Controller.EmployeeController.getEmployeePayrollDataForDepartment(EmployeeController.java:33)
	at java.base/jdk.internal.reflect.DirectMethodHandleAccessor.invoke(DirectMethodHandleAccessor.java:104)
	at java.base/java.lang.reflect.Method.invoke(Method.java:578)
	at org.springframework.web.method.support.InvocableHandlerMethod.doInvoke(InvocableHandlerMethod.java:207)
	at org.springframework.web.method.support.InvocableHandlerMethod.invokeForRequest(InvocableHandlerMethod.java:152)
	at org.springframework.web.servlet.mvc.method.annotation.ServletInvocableHandlerMethod.invokeAndHandle(ServletInvocableHandlerMethod.java:117)
	at org.springframework.web.servlet.mvc.method.annotation.RequestMappingHandlerAdapter.invokeHandlerMethod(RequestMappingHandlerAdapter.java:884)
	at org.springframework.web.servlet.mvc.method.annotation.RequestMappingHandlerAdapter.handleInternal(RequestMappingHandlerAdapter.java:797)
	at org.springframework.web.servlet.mvc.method.AbstractHandlerMethodAdapter.handle(AbstractHandlerMethodAdapter.java:87)
	at org.springframework.web.servlet.DispatcherServlet.doDispatch(DispatcherServlet.java:1080)
	at org.springframework.web.servlet.DispatcherServlet.doService(DispatcherServlet.java:973)
	at org.springframework.web.servlet.FrameworkServlet.processRequest(FrameworkServlet.java:1003)
	at org.springframework.web.servlet.FrameworkServlet.doGet(FrameworkServlet.java:895)
	at jakarta.servlet.http.HttpServlet.service(HttpServlet.java:705)
	at org.springframework.web.servlet.FrameworkServlet.service(FrameworkServlet.java:880)
	at jakarta.servlet.http.HttpServlet.service(HttpServlet.java:814)
	at org.apache.catalina.core.ApplicationFilterChain.internalDoFilter(ApplicationFilterChain.java:223)
	at org.apache.catalina.core.ApplicationFilterChain.doFilter(ApplicationFilterChain.java:158)
	at org.apache.tomcat.websocket.server.WsFilter.doFilter(WsFilter.java:53)
	at org.apache.catalina.core.ApplicationFilterChain.internalDoFilter(ApplicationFilterChain.java:185)
	at org.apache.catalina.core.ApplicationFilterChain.doFilter(ApplicationFilterChain.java:158)
	at org.springframework.web.filter.RequestContextFilter.doFilterInternal(RequestContextFilter.java:100)
	at org.springframework.web.filter.OncePerRequestFilter.doFilter(OncePerRequestFilter.java:116)
	at org.apache.catalina.core.ApplicationFilterChain.internalDoFilter(ApplicationFilterChain.java:185)
	at org.apache.catalina.core.ApplicationFilterChain.doFilter(ApplicationFilterChain.java:158)
	at org.springframework.web.filter.FormContentFilter.doFilterInternal(FormContentFilter.java:93)
	at org.springframework.web.filter.OncePerRequestFilter.doFilter(OncePerRequestFilter.java:116)
	at org.apache.catalina.core.ApplicationFilterChain.internalDoFilter(ApplicationFilterChain.java:185)
	at org.apache.catalina.core.ApplicationFilterChain.doFilter(ApplicationFilterChain.java:158)
	at org.springframework.web.filter.CharacterEncodingFilter.doFilterInternal(CharacterEncodingFilter.java:201)
	at org.springframework.web.filter.OncePerRequestFilter.doFilter(OncePerRequestFilter.java:116)
	at org.apache.catalina.core.ApplicationFilterChain.internalDoFilter(ApplicationFilterChain.java:185)
	at org.apache.catalina.core.ApplicationFilterChain.doFilter(ApplicationFilterChain.java:158)
	at org.apache.catalina.core.StandardWrapperValve.invoke(StandardWrapperValve.java:197)
	at org.apache.catalina.core.StandardContextValve.invoke(StandardContextValve.java:97)
	at org.apache.catalina.authenticator.AuthenticatorBase.invoke(AuthenticatorBase.java:542)
	at org.apache.catalina.core.StandardHostValve.invoke(StandardHostValve.java:119)
	at org.apache.catalina.valves.ErrorReportValve.invoke(ErrorReportValve.java:92)
	at org.apache.catalina.core.StandardEngineValve.invoke(StandardEngineValve.java:78)
	at org.apache.catalina.connector.CoyoteAdapter.service(CoyoteAdapter.java:357)
	at org.apache.coyote.http11.Http11Processor.service(Http11Processor.java:400)
	at org.apache.coyote.AbstractProcessorLight.process(AbstractProcessorLight.java:65)
	at org.apache.coyote.AbstractProtocol$ConnectionHandler.process(AbstractProtocol.java:861)
	at org.apache.tomcat.util.net.NioEndpoint$SocketProcessor.doRun(NioEndpoint.java:1739)
	at org.apache.tomcat.util.net.SocketProcessorBase.run(SocketProcessorBase.java:52)
	at org.apache.tomcat.util.threads.ThreadPoolExecutor.runWorker(ThreadPoolExecutor.java:1191)
	at org.apache.tomcat.util.threads.ThreadPoolExecutor$Worker.run(ThreadPoolExecutor.java:659)
	at org.apache.tomcat.util.threads.TaskThread$WrappingRunnable.run(TaskThread.java:61)
	at java.base/java.lang.Thread.run(Thread.java:1589)
2022-2022-12 12:23 [INFO][SpringApplicationShutdownHook][o.s.o.j.LocalContainerEntityManagerFactoryBean:650] Closing JPA EntityManagerFactory for persistence unit 'default'
2022-2022-12 12:23 [INFO][SpringApplicationShutdownHook][c.z.h.HikariDataSource:350] HikariPool-1 - Shutdown initiated...
2022-2022-12 12:23 [INFO][SpringApplicationShutdownHook][c.z.h.HikariDataSource:352] HikariPool-1 - Shutdown completed.
2022-2022-12 12:23 [INFO][restartedMain][c.e.e.EmployeePayrollAppSpringBootApplication:51] Starting EmployeePayrollAppSpringBootApplication using Java 19.0.1 with PID 6760 (C:\Users\Administrator\Desktop\EmployeePayrollAppSB1\EmployeePayrollAppSpringBoot\target\classes started by Administrator in C:\Users\Administrator\Desktop\EmployeePayrollAppSB1\EmployeePayrollAppSpringBoot)
2022-2022-12 12:23 [INFO][restartedMain][c.e.e.EmployeePayrollAppSpringBootApplication:630] No active profile set, falling back to 1 default profile: "default"
2022-2022-12 12:23 [INFO][restartedMain][o.s.b.d.r.ChangeableUrls:250] The Class-Path manifest attribute in C:\Users\Administrator\.m2\repository\com\sun\xml\bind\jaxb-impl\4.0.1\jaxb-impl-4.0.1.jar referenced one or more files that do not exist: file:/C:/Users/Administrator/.m2/repository/com/sun/xml/bind/jaxb-impl/4.0.1/jaxb-core.jar,file:/C:/Users/Administrator/.m2/repository/com/sun/xml/bind/jaxb-impl/4.0.1/angus-activation.jar
2022-2022-12 12:23 [INFO][restartedMain][o.s.b.d.r.ChangeableUrls:250] The Class-Path manifest attribute in C:\Users\Administrator\.m2\repository\com\sun\xml\bind\jaxb-core\4.0.1\jaxb-core-4.0.1.jar referenced one or more files that do not exist: file:/C:/Users/Administrator/.m2/repository/com/sun/xml/bind/jaxb-core/4.0.1/jakarta.activation-api.jar,file:/C:/Users/Administrator/.m2/repository/com/sun/xml/bind/jaxb-core/4.0.1/jakarta.xml.bind-api.jar
2022-2022-12 12:23 [INFO][restartedMain][o.s.b.d.e.DevToolsPropertyDefaultsPostProcessor:250] Devtools property defaults active! Set 'spring.devtools.add-properties' to 'false' to disable
2022-2022-12 12:23 [INFO][restartedMain][o.s.b.d.e.DevToolsPropertyDefaultsPostProcessor:250] For additional web related logging consider setting the 'logging.level.web' property to 'DEBUG'
2022-2022-12 12:23 [INFO][restartedMain][o.s.d.r.c.RepositoryConfigurationDelegate:138] Bootstrapping Spring Data JPA repositories in DEFAULT mode.
2022-2022-12 12:23 [INFO][restartedMain][o.s.d.r.c.RepositoryConfigurationDelegate:208] Finished Spring Data repository scanning in 106 ms. Found 1 JPA repository interfaces.
2022-2022-12 12:23 [INFO][restartedMain][o.s.c.s.PostProcessorRegistrationDelegate$BeanPostProcessorChecker:409] Bean 'org.springframework.ws.config.annotation.DelegatingWsConfiguration' of type [org.springframework.ws.config.annotation.DelegatingWsConfiguration$$SpringCGLIB$$0] is not eligible for getting processed by all BeanPostProcessors (for example: not eligible for auto-proxying)
2022-2022-12 12:23 [INFO][restartedMain][o.s.w.s.a.s.AnnotationActionEndpointMapping:239] Supporting [WS-Addressing August 2004, WS-Addressing 1.0]
2022-2022-12 12:23 [INFO][restartedMain][o.s.b.w.e.t.TomcatWebServer:114] Tomcat initialized with port(s): 8081 (http)
2022-2022-12 12:23 [INFO][restartedMain][o.a.c.c.StandardService:173] Starting service [Tomcat]
2022-2022-12 12:23 [INFO][restartedMain][o.a.c.c.StandardEngine:173] Starting Servlet engine: [Apache Tomcat/10.1.1]
2022-2022-12 12:23 [INFO][restartedMain][o.a.c.c.C.[.[.[/]:173] Initializing Spring embedded WebApplicationContext
2022-2022-12 12:23 [INFO][restartedMain][o.s.b.w.s.c.ServletWebServerApplicationContext:291] Root WebApplicationContext: initialization completed in 3009 ms
2022-2022-12 12:23 [INFO][restartedMain][o.h.j.i.u.LogHelper:31] HHH000204: Processing PersistenceUnitInfo [name: default]
2022-2022-12 12:23 [INFO][restartedMain][o.h.Version:44] HHH000412: Hibernate ORM core version 6.1.5.Final
2022-2022-12 12:23 [WARN][restartedMain][o.h.o.deprecation:626] HHH90000021: Encountered deprecated setting [javax.persistence.sharedCache.mode], use [jakarta.persistence.sharedCache.mode] instead
2022-2022-12 12:23 [INFO][restartedMain][c.z.h.HikariDataSource:110] HikariPool-1 - Starting...
2022-2022-12 12:23 [INFO][restartedMain][c.z.h.p.HikariPool:565] HikariPool-1 - Added connection com.mysql.cj.jdbc.ConnectionImpl@2f9c2d18
2022-2022-12 12:23 [INFO][restartedMain][c.z.h.HikariDataSource:123] HikariPool-1 - Start completed.
2022-2022-12 12:23 [INFO][restartedMain][SQL dialect:66] HHH000400: Using dialect: org.hibernate.dialect.MySQLDialect
2022-2022-12 12:23 [INFO][restartedMain][o.h.e.t.j.p.i.JtaPlatformInitiator:51] HHH000490: Using JtaPlatform implementation: [org.hibernate.engine.transaction.jta.platform.internal.NoJtaPlatform]
2022-2022-12 12:23 [INFO][restartedMain][o.s.o.j.LocalContainerEntityManagerFactoryBean:437] Initialized JPA EntityManagerFactory for persistence unit 'default'
2022-2022-12 12:23 [WARN][restartedMain][o.s.b.a.o.j.JpaBaseConfiguration$JpaWebConfiguration:227] spring.jpa.open-in-view is enabled by default. Therefore, database queries may be performed during view rendering. Explicitly configure spring.jpa.open-in-view to disable this warning
2022-2022-12 12:23 [WARN][restartedMain][o.s.b.a.t.ThymeleafAutoConfiguration$DefaultTemplateResolverConfiguration:101] Cannot find template location: classpath:/templates/ (please add some templates, check your Thymeleaf configuration, or set spring.thymeleaf.check-template-location=false)
2022-2022-12 12:23 [INFO][restartedMain][o.s.b.d.a.OptionalLiveReloadServer:59] LiveReload server is running on port 35729
2022-2022-12 12:23 [INFO][restartedMain][o.s.b.w.e.t.TomcatWebServer:226] Tomcat started on port(s): 8081 (http) with context path ''
2022-2022-12 12:23 [INFO][restartedMain][c.e.e.EmployeePayrollAppSpringBootApplication:57] Started EmployeePayrollAppSpringBootApplication in 8.664 seconds (process running for 11.084)
2022-2022-12 12:23 [INFO][http-nio-8081-exec-2][o.a.c.c.C.[.[.[/]:173] Initializing Spring DispatcherServlet 'dispatcherServlet'
2022-2022-12 12:23 [INFO][http-nio-8081-exec-2][o.s.w.s.DispatcherServlet:525] Initializing Servlet 'dispatcherServlet'
2022-2022-12 12:23 [INFO][http-nio-8081-exec-2][o.s.w.s.DispatcherServlet:547] Completed initialization in 2 ms
2022-2022-12 12:23 [WARN][http-nio-8081-exec-2][o.h.e.j.s.SqlExceptionHelper:133] SQL Error: 1054, SQLState: 42S22
2022-2022-12 12:23 [ERROR][http-nio-8081-exec-2][o.h.e.j.s.SqlExceptionHelper:138] Unknown column 'emplyeename' in 'where clause'
2022-2022-12 12:23 [ERROR][http-nio-8081-exec-2][o.a.c.c.C.[.[.[.[dispatcherServlet]:175] Servlet.service() for servlet [dispatcherServlet] in context with path [] threw exception [Request processing failed: org.springframework.dao.InvalidDataAccessResourceUsageException: JDBC exception executing SQL [select  * from Employee e where  e.employeename=emplyeename]; SQL [n/a]] with root cause
java.sql.SQLSyntaxErrorException: Unknown column 'emplyeename' in 'where clause'
	at com.mysql.cj.jdbc.exceptions.SQLError.createSQLException(SQLError.java:120)
	at com.mysql.cj.jdbc.exceptions.SQLExceptionsMapping.translateException(SQLExceptionsMapping.java:122)
	at com.mysql.cj.jdbc.ClientPreparedStatement.executeInternal(ClientPreparedStatement.java:916)
	at com.mysql.cj.jdbc.ClientPreparedStatement.executeQuery(ClientPreparedStatement.java:972)
	at com.zaxxer.hikari.pool.ProxyPreparedStatement.executeQuery(ProxyPreparedStatement.java:52)
	at com.zaxxer.hikari.pool.HikariProxyPreparedStatement.executeQuery(HikariProxyPreparedStatement.java)
	at org.hibernate.sql.results.jdbc.internal.DeferredResultSetAccess.executeQuery(DeferredResultSetAccess.java:217)
	at org.hibernate.sql.results.jdbc.internal.DeferredResultSetAccess.getResultSet(DeferredResultSetAccess.java:146)
	at org.hibernate.sql.results.jdbc.internal.AbstractResultSetAccess.getMetaData(AbstractResultSetAccess.java:33)
	at org.hibernate.sql.results.jdbc.internal.AbstractResultSetAccess.getColumnCount(AbstractResultSetAccess.java:49)
	at org.hibernate.query.results.ResultSetMappingImpl.resolve(ResultSetMappingImpl.java:187)
	at org.hibernate.sql.exec.internal.JdbcSelectExecutorStandardImpl.resolveJdbcValuesSource(JdbcSelectExecutorStandardImpl.java:559)
	at org.hibernate.sql.exec.internal.JdbcSelectExecutorStandardImpl.doExecuteQuery(JdbcSelectExecutorStandardImpl.java:350)
	at org.hibernate.sql.exec.internal.JdbcSelectExecutorStandardImpl.executeQuery(JdbcSelectExecutorStandardImpl.java:166)
	at org.hibernate.sql.exec.internal.JdbcSelectExecutorStandardImpl.list(JdbcSelectExecutorStandardImpl.java:91)
	at org.hibernate.sql.exec.spi.JdbcSelectExecutor.list(JdbcSelectExecutor.java:31)
	at org.hibernate.query.sql.internal.NativeSelectQueryPlanImpl.performList(NativeSelectQueryPlanImpl.java:103)
	at org.hibernate.query.sql.internal.NativeQueryImpl.doList(NativeQueryImpl.java:596)
	at org.hibernate.query.spi.AbstractSelectionQuery.list(AbstractSelectionQuery.java:363)
	at org.hibernate.query.Query.getResultList(Query.java:94)
	at org.springframework.data.jpa.repository.query.JpaQueryExecution$CollectionExecution.doExecute(JpaQueryExecution.java:127)
	at org.springframework.data.jpa.repository.query.JpaQueryExecution.execute(JpaQueryExecution.java:90)
	at org.springframework.data.jpa.repository.query.AbstractJpaQuery.doExecute(AbstractJpaQuery.java:148)
	at org.springframework.data.jpa.repository.query.AbstractJpaQuery.execute(AbstractJpaQuery.java:136)
	at org.springframework.data.repository.core.support.RepositoryMethodInvoker.doInvoke(RepositoryMethodInvoker.java:136)
	at org.springframework.data.repository.core.support.RepositoryMethodInvoker.invoke(RepositoryMethodInvoker.java:120)
	at org.springframework.data.repository.core.support.QueryExecutorMethodInterceptor.doInvoke(QueryExecutorMethodInterceptor.java:164)
	at org.springframework.data.repository.core.support.QueryExecutorMethodInterceptor.invoke(QueryExecutorMethodInterceptor.java:143)
	at org.springframework.aop.framework.ReflectiveMethodInvocation.proceed(ReflectiveMethodInvocation.java:184)
	at org.springframework.data.projection.DefaultMethodInvokingMethodInterceptor.invoke(DefaultMethodInvokingMethodInterceptor.java:77)
	at org.springframework.aop.framework.ReflectiveMethodInvocation.proceed(ReflectiveMethodInvocation.java:184)
	at org.springframework.transaction.interceptor.TransactionInterceptor$1.proceedWithInvocation(TransactionInterceptor.java:123)
	at org.springframework.transaction.interceptor.TransactionAspectSupport.invokeWithinTransaction(TransactionAspectSupport.java:388)
	at org.springframework.transaction.interceptor.TransactionInterceptor.invoke(TransactionInterceptor.java:119)
	at org.springframework.aop.framework.ReflectiveMethodInvocation.proceed(ReflectiveMethodInvocation.java:184)
	at org.springframework.dao.support.PersistenceExceptionTranslationInterceptor.invoke(PersistenceExceptionTranslationInterceptor.java:137)
	at org.springframework.aop.framework.ReflectiveMethodInvocation.proceed(ReflectiveMethodInvocation.java:184)
	at org.springframework.data.jpa.repository.support.CrudMethodMetadataPostProcessor$CrudMethodMetadataPopulatingMethodInterceptor.invoke(CrudMethodMetadataPostProcessor.java:134)
	at org.springframework.aop.framework.ReflectiveMethodInvocation.proceed(ReflectiveMethodInvocation.java:184)
	at org.springframework.aop.interceptor.ExposeInvocationInterceptor.invoke(ExposeInvocationInterceptor.java:97)
	at org.springframework.aop.framework.ReflectiveMethodInvocation.proceed(ReflectiveMethodInvocation.java:184)
	at org.springframework.aop.framework.JdkDynamicAopProxy.invoke(JdkDynamicAopProxy.java:218)
	at jdk.proxy4/jdk.proxy4.$Proxy126.findByname(Unknown Source)
	at com.example.employeepayrollappspringboot.Service.EmployeeService.getEmployeeDataByName(EmployeeService.java:50)
	at com.example.employeepayrollappspringboot.Controller.EmployeeController.getEmployeePayrollDataForDepartment(EmployeeController.java:33)
	at java.base/jdk.internal.reflect.DirectMethodHandleAccessor.invoke(DirectMethodHandleAccessor.java:104)
	at java.base/java.lang.reflect.Method.invoke(Method.java:578)
	at org.springframework.web.method.support.InvocableHandlerMethod.doInvoke(InvocableHandlerMethod.java:207)
	at org.springframework.web.method.support.InvocableHandlerMethod.invokeForRequest(InvocableHandlerMethod.java:152)
	at org.springframework.web.servlet.mvc.method.annotation.ServletInvocableHandlerMethod.invokeAndHandle(ServletInvocableHandlerMethod.java:117)
	at org.springframework.web.servlet.mvc.method.annotation.RequestMappingHandlerAdapter.invokeHandlerMethod(RequestMappingHandlerAdapter.java:884)
	at org.springframework.web.servlet.mvc.method.annotation.RequestMappingHandlerAdapter.handleInternal(RequestMappingHandlerAdapter.java:797)
	at org.springframework.web.servlet.mvc.method.AbstractHandlerMethodAdapter.handle(AbstractHandlerMethodAdapter.java:87)
	at org.springframework.web.servlet.DispatcherServlet.doDispatch(DispatcherServlet.java:1080)
	at org.springframework.web.servlet.DispatcherServlet.doService(DispatcherServlet.java:973)
	at org.springframework.web.servlet.FrameworkServlet.processRequest(FrameworkServlet.java:1003)
	at org.springframework.web.servlet.FrameworkServlet.doGet(FrameworkServlet.java:895)
	at jakarta.servlet.http.HttpServlet.service(HttpServlet.java:705)
	at org.springframework.web.servlet.FrameworkServlet.service(FrameworkServlet.java:880)
	at jakarta.servlet.http.HttpServlet.service(HttpServlet.java:814)
	at org.apache.catalina.core.ApplicationFilterChain.internalDoFilter(ApplicationFilterChain.java:223)
	at org.apache.catalina.core.ApplicationFilterChain.doFilter(ApplicationFilterChain.java:158)
	at org.apache.tomcat.websocket.server.WsFilter.doFilter(WsFilter.java:53)
	at org.apache.catalina.core.ApplicationFilterChain.internalDoFilter(ApplicationFilterChain.java:185)
	at org.apache.catalina.core.ApplicationFilterChain.doFilter(ApplicationFilterChain.java:158)
	at org.springframework.web.filter.RequestContextFilter.doFilterInternal(RequestContextFilter.java:100)
	at org.springframework.web.filter.OncePerRequestFilter.doFilter(OncePerRequestFilter.java:116)
	at org.apache.catalina.core.ApplicationFilterChain.internalDoFilter(ApplicationFilterChain.java:185)
	at org.apache.catalina.core.ApplicationFilterChain.doFilter(ApplicationFilterChain.java:158)
	at org.springframework.web.filter.FormContentFilter.doFilterInternal(FormContentFilter.java:93)
	at org.springframework.web.filter.OncePerRequestFilter.doFilter(OncePerRequestFilter.java:116)
	at org.apache.catalina.core.ApplicationFilterChain.internalDoFilter(ApplicationFilterChain.java:185)
	at org.apache.catalina.core.ApplicationFilterChain.doFilter(ApplicationFilterChain.java:158)
	at org.springframework.web.filter.CharacterEncodingFilter.doFilterInternal(CharacterEncodingFilter.java:201)
	at org.springframework.web.filter.OncePerRequestFilter.doFilter(OncePerRequestFilter.java:116)
	at org.apache.catalina.core.ApplicationFilterChain.internalDoFilter(ApplicationFilterChain.java:185)
	at org.apache.catalina.core.ApplicationFilterChain.doFilter(ApplicationFilterChain.java:158)
	at org.apache.catalina.core.StandardWrapperValve.invoke(StandardWrapperValve.java:197)
	at org.apache.catalina.core.StandardContextValve.invoke(StandardContextValve.java:97)
	at org.apache.catalina.authenticator.AuthenticatorBase.invoke(AuthenticatorBase.java:542)
	at org.apache.catalina.core.StandardHostValve.invoke(StandardHostValve.java:119)
	at org.apache.catalina.valves.ErrorReportValve.invoke(ErrorReportValve.java:92)
	at org.apache.catalina.core.StandardEngineValve.invoke(StandardEngineValve.java:78)
	at org.apache.catalina.connector.CoyoteAdapter.service(CoyoteAdapter.java:357)
	at org.apache.coyote.http11.Http11Processor.service(Http11Processor.java:400)
	at org.apache.coyote.AbstractProcessorLight.process(AbstractProcessorLight.java:65)
	at org.apache.coyote.AbstractProtocol$ConnectionHandler.process(AbstractProtocol.java:861)
	at org.apache.tomcat.util.net.NioEndpoint$SocketProcessor.doRun(NioEndpoint.java:1739)
	at org.apache.tomcat.util.net.SocketProcessorBase.run(SocketProcessorBase.java:52)
	at org.apache.tomcat.util.threads.ThreadPoolExecutor.runWorker(ThreadPoolExecutor.java:1191)
	at org.apache.tomcat.util.threads.ThreadPoolExecutor$Worker.run(ThreadPoolExecutor.java:659)
	at org.apache.tomcat.util.threads.TaskThread$WrappingRunnable.run(TaskThread.java:61)
	at java.base/java.lang.Thread.run(Thread.java:1589)
2022-2022-12 12:24 [WARN][http-nio-8081-exec-6][o.h.e.j.s.SqlExceptionHelper:133] SQL Error: 1054, SQLState: 42S22
2022-2022-12 12:24 [ERROR][http-nio-8081-exec-6][o.h.e.j.s.SqlExceptionHelper:138] Unknown column 'emplyeename' in 'where clause'
2022-2022-12 12:24 [ERROR][http-nio-8081-exec-6][o.a.c.c.C.[.[.[.[dispatcherServlet]:175] Servlet.service() for servlet [dispatcherServlet] in context with path [] threw exception [Request processing failed: org.springframework.dao.InvalidDataAccessResourceUsageException: JDBC exception executing SQL [select  * from Employee e where  e.employeename=emplyeename]; SQL [n/a]] with root cause
java.sql.SQLSyntaxErrorException: Unknown column 'emplyeename' in 'where clause'
	at com.mysql.cj.jdbc.exceptions.SQLError.createSQLException(SQLError.java:120)
	at com.mysql.cj.jdbc.exceptions.SQLExceptionsMapping.translateException(SQLExceptionsMapping.java:122)
	at com.mysql.cj.jdbc.ClientPreparedStatement.executeInternal(ClientPreparedStatement.java:916)
	at com.mysql.cj.jdbc.ClientPreparedStatement.executeQuery(ClientPreparedStatement.java:972)
	at com.zaxxer.hikari.pool.ProxyPreparedStatement.executeQuery(ProxyPreparedStatement.java:52)
	at com.zaxxer.hikari.pool.HikariProxyPreparedStatement.executeQuery(HikariProxyPreparedStatement.java)
	at org.hibernate.sql.results.jdbc.internal.DeferredResultSetAccess.executeQuery(DeferredResultSetAccess.java:217)
	at org.hibernate.sql.results.jdbc.internal.DeferredResultSetAccess.getResultSet(DeferredResultSetAccess.java:146)
	at org.hibernate.sql.results.jdbc.internal.AbstractResultSetAccess.getMetaData(AbstractResultSetAccess.java:33)
	at org.hibernate.sql.results.jdbc.internal.AbstractResultSetAccess.getColumnCount(AbstractResultSetAccess.java:49)
	at org.hibernate.query.results.ResultSetMappingImpl.resolve(ResultSetMappingImpl.java:187)
	at org.hibernate.sql.exec.internal.JdbcSelectExecutorStandardImpl.resolveJdbcValuesSource(JdbcSelectExecutorStandardImpl.java:559)
	at org.hibernate.sql.exec.internal.JdbcSelectExecutorStandardImpl.doExecuteQuery(JdbcSelectExecutorStandardImpl.java:350)
	at org.hibernate.sql.exec.internal.JdbcSelectExecutorStandardImpl.executeQuery(JdbcSelectExecutorStandardImpl.java:166)
	at org.hibernate.sql.exec.internal.JdbcSelectExecutorStandardImpl.list(JdbcSelectExecutorStandardImpl.java:91)
	at org.hibernate.sql.exec.spi.JdbcSelectExecutor.list(JdbcSelectExecutor.java:31)
	at org.hibernate.query.sql.internal.NativeSelectQueryPlanImpl.performList(NativeSelectQueryPlanImpl.java:103)
	at org.hibernate.query.sql.internal.NativeQueryImpl.doList(NativeQueryImpl.java:596)
	at org.hibernate.query.spi.AbstractSelectionQuery.list(AbstractSelectionQuery.java:363)
	at org.hibernate.query.Query.getResultList(Query.java:94)
	at org.springframework.data.jpa.repository.query.JpaQueryExecution$CollectionExecution.doExecute(JpaQueryExecution.java:127)
	at org.springframework.data.jpa.repository.query.JpaQueryExecution.execute(JpaQueryExecution.java:90)
	at org.springframework.data.jpa.repository.query.AbstractJpaQuery.doExecute(AbstractJpaQuery.java:148)
	at org.springframework.data.jpa.repository.query.AbstractJpaQuery.execute(AbstractJpaQuery.java:136)
	at org.springframework.data.repository.core.support.RepositoryMethodInvoker.doInvoke(RepositoryMethodInvoker.java:136)
	at org.springframework.data.repository.core.support.RepositoryMethodInvoker.invoke(RepositoryMethodInvoker.java:120)
	at org.springframework.data.repository.core.support.QueryExecutorMethodInterceptor.doInvoke(QueryExecutorMethodInterceptor.java:164)
	at org.springframework.data.repository.core.support.QueryExecutorMethodInterceptor.invoke(QueryExecutorMethodInterceptor.java:143)
	at org.springframework.aop.framework.ReflectiveMethodInvocation.proceed(ReflectiveMethodInvocation.java:184)
	at org.springframework.data.projection.DefaultMethodInvokingMethodInterceptor.invoke(DefaultMethodInvokingMethodInterceptor.java:77)
	at org.springframework.aop.framework.ReflectiveMethodInvocation.proceed(ReflectiveMethodInvocation.java:184)
	at org.springframework.transaction.interceptor.TransactionInterceptor$1.proceedWithInvocation(TransactionInterceptor.java:123)
	at org.springframework.transaction.interceptor.TransactionAspectSupport.invokeWithinTransaction(TransactionAspectSupport.java:388)
	at org.springframework.transaction.interceptor.TransactionInterceptor.invoke(TransactionInterceptor.java:119)
	at org.springframework.aop.framework.ReflectiveMethodInvocation.proceed(ReflectiveMethodInvocation.java:184)
	at org.springframework.dao.support.PersistenceExceptionTranslationInterceptor.invoke(PersistenceExceptionTranslationInterceptor.java:137)
	at org.springframework.aop.framework.ReflectiveMethodInvocation.proceed(ReflectiveMethodInvocation.java:184)
	at org.springframework.data.jpa.repository.support.CrudMethodMetadataPostProcessor$CrudMethodMetadataPopulatingMethodInterceptor.invoke(CrudMethodMetadataPostProcessor.java:134)
	at org.springframework.aop.framework.ReflectiveMethodInvocation.proceed(ReflectiveMethodInvocation.java:184)
	at org.springframework.aop.interceptor.ExposeInvocationInterceptor.invoke(ExposeInvocationInterceptor.java:97)
	at org.springframework.aop.framework.ReflectiveMethodInvocation.proceed(ReflectiveMethodInvocation.java:184)
	at org.springframework.aop.framework.JdkDynamicAopProxy.invoke(JdkDynamicAopProxy.java:218)
	at jdk.proxy4/jdk.proxy4.$Proxy126.findByname(Unknown Source)
	at com.example.employeepayrollappspringboot.Service.EmployeeService.getEmployeeDataByName(EmployeeService.java:50)
	at com.example.employeepayrollappspringboot.Controller.EmployeeController.getEmployeePayrollDataForDepartment(EmployeeController.java:33)
	at java.base/jdk.internal.reflect.DirectMethodHandleAccessor.invoke(DirectMethodHandleAccessor.java:104)
	at java.base/java.lang.reflect.Method.invoke(Method.java:578)
	at org.springframework.web.method.support.InvocableHandlerMethod.doInvoke(InvocableHandlerMethod.java:207)
	at org.springframework.web.method.support.InvocableHandlerMethod.invokeForRequest(InvocableHandlerMethod.java:152)
	at org.springframework.web.servlet.mvc.method.annotation.ServletInvocableHandlerMethod.invokeAndHandle(ServletInvocableHandlerMethod.java:117)
	at org.springframework.web.servlet.mvc.method.annotation.RequestMappingHandlerAdapter.invokeHandlerMethod(RequestMappingHandlerAdapter.java:884)
	at org.springframework.web.servlet.mvc.method.annotation.RequestMappingHandlerAdapter.handleInternal(RequestMappingHandlerAdapter.java:797)
	at org.springframework.web.servlet.mvc.method.AbstractHandlerMethodAdapter.handle(AbstractHandlerMethodAdapter.java:87)
	at org.springframework.web.servlet.DispatcherServlet.doDispatch(DispatcherServlet.java:1080)
	at org.springframework.web.servlet.DispatcherServlet.doService(DispatcherServlet.java:973)
	at org.springframework.web.servlet.FrameworkServlet.processRequest(FrameworkServlet.java:1003)
	at org.springframework.web.servlet.FrameworkServlet.doGet(FrameworkServlet.java:895)
	at jakarta.servlet.http.HttpServlet.service(HttpServlet.java:705)
	at org.springframework.web.servlet.FrameworkServlet.service(FrameworkServlet.java:880)
	at jakarta.servlet.http.HttpServlet.service(HttpServlet.java:814)
	at org.apache.catalina.core.ApplicationFilterChain.internalDoFilter(ApplicationFilterChain.java:223)
	at org.apache.catalina.core.ApplicationFilterChain.doFilter(ApplicationFilterChain.java:158)
	at org.apache.tomcat.websocket.server.WsFilter.doFilter(WsFilter.java:53)
	at org.apache.catalina.core.ApplicationFilterChain.internalDoFilter(ApplicationFilterChain.java:185)
	at org.apache.catalina.core.ApplicationFilterChain.doFilter(ApplicationFilterChain.java:158)
	at org.springframework.web.filter.RequestContextFilter.doFilterInternal(RequestContextFilter.java:100)
	at org.springframework.web.filter.OncePerRequestFilter.doFilter(OncePerRequestFilter.java:116)
	at org.apache.catalina.core.ApplicationFilterChain.internalDoFilter(ApplicationFilterChain.java:185)
	at org.apache.catalina.core.ApplicationFilterChain.doFilter(ApplicationFilterChain.java:158)
	at org.springframework.web.filter.FormContentFilter.doFilterInternal(FormContentFilter.java:93)
	at org.springframework.web.filter.OncePerRequestFilter.doFilter(OncePerRequestFilter.java:116)
	at org.apache.catalina.core.ApplicationFilterChain.internalDoFilter(ApplicationFilterChain.java:185)
	at org.apache.catalina.core.ApplicationFilterChain.doFilter(ApplicationFilterChain.java:158)
	at org.springframework.web.filter.CharacterEncodingFilter.doFilterInternal(CharacterEncodingFilter.java:201)
	at org.springframework.web.filter.OncePerRequestFilter.doFilter(OncePerRequestFilter.java:116)
	at org.apache.catalina.core.ApplicationFilterChain.internalDoFilter(ApplicationFilterChain.java:185)
	at org.apache.catalina.core.ApplicationFilterChain.doFilter(ApplicationFilterChain.java:158)
	at org.apache.catalina.core.StandardWrapperValve.invoke(StandardWrapperValve.java:197)
	at org.apache.catalina.core.StandardContextValve.invoke(StandardContextValve.java:97)
	at org.apache.catalina.authenticator.AuthenticatorBase.invoke(AuthenticatorBase.java:542)
	at org.apache.catalina.core.StandardHostValve.invoke(StandardHostValve.java:119)
	at org.apache.catalina.valves.ErrorReportValve.invoke(ErrorReportValve.java:92)
	at org.apache.catalina.core.StandardEngineValve.invoke(StandardEngineValve.java:78)
	at org.apache.catalina.connector.CoyoteAdapter.service(CoyoteAdapter.java:357)
	at org.apache.coyote.http11.Http11Processor.service(Http11Processor.java:400)
	at org.apache.coyote.AbstractProcessorLight.process(AbstractProcessorLight.java:65)
	at org.apache.coyote.AbstractProtocol$ConnectionHandler.process(AbstractProtocol.java:861)
	at org.apache.tomcat.util.net.NioEndpoint$SocketProcessor.doRun(NioEndpoint.java:1739)
	at org.apache.tomcat.util.net.SocketProcessorBase.run(SocketProcessorBase.java:52)
	at org.apache.tomcat.util.threads.ThreadPoolExecutor.runWorker(ThreadPoolExecutor.java:1191)
	at org.apache.tomcat.util.threads.ThreadPoolExecutor$Worker.run(ThreadPoolExecutor.java:659)
	at org.apache.tomcat.util.threads.TaskThread$WrappingRunnable.run(TaskThread.java:61)
	at java.base/java.lang.Thread.run(Thread.java:1589)
2022-2022-12 12:25 [WARN][http-nio-8081-exec-8][o.h.e.j.s.SqlExceptionHelper:133] SQL Error: 1054, SQLState: 42S22
2022-2022-12 12:25 [ERROR][http-nio-8081-exec-8][o.h.e.j.s.SqlExceptionHelper:138] Unknown column 'emplyeename' in 'where clause'
2022-2022-12 12:25 [ERROR][http-nio-8081-exec-8][o.a.c.c.C.[.[.[.[dispatcherServlet]:175] Servlet.service() for servlet [dispatcherServlet] in context with path [] threw exception [Request processing failed: org.springframework.dao.InvalidDataAccessResourceUsageException: JDBC exception executing SQL [select  * from Employee e where  e.employeename=emplyeename]; SQL [n/a]] with root cause
java.sql.SQLSyntaxErrorException: Unknown column 'emplyeename' in 'where clause'
	at com.mysql.cj.jdbc.exceptions.SQLError.createSQLException(SQLError.java:120)
	at com.mysql.cj.jdbc.exceptions.SQLExceptionsMapping.translateException(SQLExceptionsMapping.java:122)
	at com.mysql.cj.jdbc.ClientPreparedStatement.executeInternal(ClientPreparedStatement.java:916)
	at com.mysql.cj.jdbc.ClientPreparedStatement.executeQuery(ClientPreparedStatement.java:972)
	at com.zaxxer.hikari.pool.ProxyPreparedStatement.executeQuery(ProxyPreparedStatement.java:52)
	at com.zaxxer.hikari.pool.HikariProxyPreparedStatement.executeQuery(HikariProxyPreparedStatement.java)
	at org.hibernate.sql.results.jdbc.internal.DeferredResultSetAccess.executeQuery(DeferredResultSetAccess.java:217)
	at org.hibernate.sql.results.jdbc.internal.DeferredResultSetAccess.getResultSet(DeferredResultSetAccess.java:146)
	at org.hibernate.sql.results.jdbc.internal.AbstractResultSetAccess.getMetaData(AbstractResultSetAccess.java:33)
	at org.hibernate.sql.results.jdbc.internal.AbstractResultSetAccess.getColumnCount(AbstractResultSetAccess.java:49)
	at org.hibernate.query.results.ResultSetMappingImpl.resolve(ResultSetMappingImpl.java:187)
	at org.hibernate.sql.exec.internal.JdbcSelectExecutorStandardImpl.resolveJdbcValuesSource(JdbcSelectExecutorStandardImpl.java:559)
	at org.hibernate.sql.exec.internal.JdbcSelectExecutorStandardImpl.doExecuteQuery(JdbcSelectExecutorStandardImpl.java:350)
	at org.hibernate.sql.exec.internal.JdbcSelectExecutorStandardImpl.executeQuery(JdbcSelectExecutorStandardImpl.java:166)
	at org.hibernate.sql.exec.internal.JdbcSelectExecutorStandardImpl.list(JdbcSelectExecutorStandardImpl.java:91)
	at org.hibernate.sql.exec.spi.JdbcSelectExecutor.list(JdbcSelectExecutor.java:31)
	at org.hibernate.query.sql.internal.NativeSelectQueryPlanImpl.performList(NativeSelectQueryPlanImpl.java:103)
	at org.hibernate.query.sql.internal.NativeQueryImpl.doList(NativeQueryImpl.java:596)
	at org.hibernate.query.spi.AbstractSelectionQuery.list(AbstractSelectionQuery.java:363)
	at org.hibernate.query.Query.getResultList(Query.java:94)
	at org.springframework.data.jpa.repository.query.JpaQueryExecution$CollectionExecution.doExecute(JpaQueryExecution.java:127)
	at org.springframework.data.jpa.repository.query.JpaQueryExecution.execute(JpaQueryExecution.java:90)
	at org.springframework.data.jpa.repository.query.AbstractJpaQuery.doExecute(AbstractJpaQuery.java:148)
	at org.springframework.data.jpa.repository.query.AbstractJpaQuery.execute(AbstractJpaQuery.java:136)
	at org.springframework.data.repository.core.support.RepositoryMethodInvoker.doInvoke(RepositoryMethodInvoker.java:136)
	at org.springframework.data.repository.core.support.RepositoryMethodInvoker.invoke(RepositoryMethodInvoker.java:120)
	at org.springframework.data.repository.core.support.QueryExecutorMethodInterceptor.doInvoke(QueryExecutorMethodInterceptor.java:164)
	at org.springframework.data.repository.core.support.QueryExecutorMethodInterceptor.invoke(QueryExecutorMethodInterceptor.java:143)
	at org.springframework.aop.framework.ReflectiveMethodInvocation.proceed(ReflectiveMethodInvocation.java:184)
	at org.springframework.data.projection.DefaultMethodInvokingMethodInterceptor.invoke(DefaultMethodInvokingMethodInterceptor.java:77)
	at org.springframework.aop.framework.ReflectiveMethodInvocation.proceed(ReflectiveMethodInvocation.java:184)
	at org.springframework.transaction.interceptor.TransactionInterceptor$1.proceedWithInvocation(TransactionInterceptor.java:123)
	at org.springframework.transaction.interceptor.TransactionAspectSupport.invokeWithinTransaction(TransactionAspectSupport.java:388)
	at org.springframework.transaction.interceptor.TransactionInterceptor.invoke(TransactionInterceptor.java:119)
	at org.springframework.aop.framework.ReflectiveMethodInvocation.proceed(ReflectiveMethodInvocation.java:184)
	at org.springframework.dao.support.PersistenceExceptionTranslationInterceptor.invoke(PersistenceExceptionTranslationInterceptor.java:137)
	at org.springframework.aop.framework.ReflectiveMethodInvocation.proceed(ReflectiveMethodInvocation.java:184)
	at org.springframework.data.jpa.repository.support.CrudMethodMetadataPostProcessor$CrudMethodMetadataPopulatingMethodInterceptor.invoke(CrudMethodMetadataPostProcessor.java:134)
	at org.springframework.aop.framework.ReflectiveMethodInvocation.proceed(ReflectiveMethodInvocation.java:184)
	at org.springframework.aop.interceptor.ExposeInvocationInterceptor.invoke(ExposeInvocationInterceptor.java:97)
	at org.springframework.aop.framework.ReflectiveMethodInvocation.proceed(ReflectiveMethodInvocation.java:184)
	at org.springframework.aop.framework.JdkDynamicAopProxy.invoke(JdkDynamicAopProxy.java:218)
	at jdk.proxy4/jdk.proxy4.$Proxy126.findByname(Unknown Source)
	at com.example.employeepayrollappspringboot.Service.EmployeeService.getEmployeeDataByName(EmployeeService.java:50)
	at com.example.employeepayrollappspringboot.Controller.EmployeeController.getEmployeePayrollDataForDepartment(EmployeeController.java:33)
	at java.base/jdk.internal.reflect.DirectMethodHandleAccessor.invoke(DirectMethodHandleAccessor.java:104)
	at java.base/java.lang.reflect.Method.invoke(Method.java:578)
	at org.springframework.web.method.support.InvocableHandlerMethod.doInvoke(InvocableHandlerMethod.java:207)
	at org.springframework.web.method.support.InvocableHandlerMethod.invokeForRequest(InvocableHandlerMethod.java:152)
	at org.springframework.web.servlet.mvc.method.annotation.ServletInvocableHandlerMethod.invokeAndHandle(ServletInvocableHandlerMethod.java:117)
	at org.springframework.web.servlet.mvc.method.annotation.RequestMappingHandlerAdapter.invokeHandlerMethod(RequestMappingHandlerAdapter.java:884)
	at org.springframework.web.servlet.mvc.method.annotation.RequestMappingHandlerAdapter.handleInternal(RequestMappingHandlerAdapter.java:797)
	at org.springframework.web.servlet.mvc.method.AbstractHandlerMethodAdapter.handle(AbstractHandlerMethodAdapter.java:87)
	at org.springframework.web.servlet.DispatcherServlet.doDispatch(DispatcherServlet.java:1080)
	at org.springframework.web.servlet.DispatcherServlet.doService(DispatcherServlet.java:973)
	at org.springframework.web.servlet.FrameworkServlet.processRequest(FrameworkServlet.java:1003)
	at org.springframework.web.servlet.FrameworkServlet.doGet(FrameworkServlet.java:895)
	at jakarta.servlet.http.HttpServlet.service(HttpServlet.java:705)
	at org.springframework.web.servlet.FrameworkServlet.service(FrameworkServlet.java:880)
	at jakarta.servlet.http.HttpServlet.service(HttpServlet.java:814)
	at org.apache.catalina.core.ApplicationFilterChain.internalDoFilter(ApplicationFilterChain.java:223)
	at org.apache.catalina.core.ApplicationFilterChain.doFilter(ApplicationFilterChain.java:158)
	at org.apache.tomcat.websocket.server.WsFilter.doFilter(WsFilter.java:53)
	at org.apache.catalina.core.ApplicationFilterChain.internalDoFilter(ApplicationFilterChain.java:185)
	at org.apache.catalina.core.ApplicationFilterChain.doFilter(ApplicationFilterChain.java:158)
	at org.springframework.web.filter.RequestContextFilter.doFilterInternal(RequestContextFilter.java:100)
	at org.springframework.web.filter.OncePerRequestFilter.doFilter(OncePerRequestFilter.java:116)
	at org.apache.catalina.core.ApplicationFilterChain.internalDoFilter(ApplicationFilterChain.java:185)
	at org.apache.catalina.core.ApplicationFilterChain.doFilter(ApplicationFilterChain.java:158)
	at org.springframework.web.filter.FormContentFilter.doFilterInternal(FormContentFilter.java:93)
	at org.springframework.web.filter.OncePerRequestFilter.doFilter(OncePerRequestFilter.java:116)
	at org.apache.catalina.core.ApplicationFilterChain.internalDoFilter(ApplicationFilterChain.java:185)
	at org.apache.catalina.core.ApplicationFilterChain.doFilter(ApplicationFilterChain.java:158)
	at org.springframework.web.filter.CharacterEncodingFilter.doFilterInternal(CharacterEncodingFilter.java:201)
	at org.springframework.web.filter.OncePerRequestFilter.doFilter(OncePerRequestFilter.java:116)
	at org.apache.catalina.core.ApplicationFilterChain.internalDoFilter(ApplicationFilterChain.java:185)
	at org.apache.catalina.core.ApplicationFilterChain.doFilter(ApplicationFilterChain.java:158)
	at org.apache.catalina.core.StandardWrapperValve.invoke(StandardWrapperValve.java:197)
	at org.apache.catalina.core.StandardContextValve.invoke(StandardContextValve.java:97)
	at org.apache.catalina.authenticator.AuthenticatorBase.invoke(AuthenticatorBase.java:542)
	at org.apache.catalina.core.StandardHostValve.invoke(StandardHostValve.java:119)
	at org.apache.catalina.valves.ErrorReportValve.invoke(ErrorReportValve.java:92)
	at org.apache.catalina.core.StandardEngineValve.invoke(StandardEngineValve.java:78)
	at org.apache.catalina.connector.CoyoteAdapter.service(CoyoteAdapter.java:357)
	at org.apache.coyote.http11.Http11Processor.service(Http11Processor.java:400)
	at org.apache.coyote.AbstractProcessorLight.process(AbstractProcessorLight.java:65)
	at org.apache.coyote.AbstractProtocol$ConnectionHandler.process(AbstractProtocol.java:861)
	at org.apache.tomcat.util.net.NioEndpoint$SocketProcessor.doRun(NioEndpoint.java:1739)
	at org.apache.tomcat.util.net.SocketProcessorBase.run(SocketProcessorBase.java:52)
	at org.apache.tomcat.util.threads.ThreadPoolExecutor.runWorker(ThreadPoolExecutor.java:1191)
	at org.apache.tomcat.util.threads.ThreadPoolExecutor$Worker.run(ThreadPoolExecutor.java:659)
	at org.apache.tomcat.util.threads.TaskThread$WrappingRunnable.run(TaskThread.java:61)
	at java.base/java.lang.Thread.run(Thread.java:1589)
2022-2022-12 12:25 [WARN][http-nio-8081-exec-10][o.h.e.j.s.SqlExceptionHelper:133] SQL Error: 1054, SQLState: 42S22
2022-2022-12 12:25 [ERROR][http-nio-8081-exec-10][o.h.e.j.s.SqlExceptionHelper:138] Unknown column 'emplyeename' in 'where clause'
2022-2022-12 12:25 [ERROR][http-nio-8081-exec-10][o.a.c.c.C.[.[.[.[dispatcherServlet]:175] Servlet.service() for servlet [dispatcherServlet] in context with path [] threw exception [Request processing failed: org.springframework.dao.InvalidDataAccessResourceUsageException: JDBC exception executing SQL [select  * from Employee e where  e.employeename=emplyeename]; SQL [n/a]] with root cause
java.sql.SQLSyntaxErrorException: Unknown column 'emplyeename' in 'where clause'
	at com.mysql.cj.jdbc.exceptions.SQLError.createSQLException(SQLError.java:120)
	at com.mysql.cj.jdbc.exceptions.SQLExceptionsMapping.translateException(SQLExceptionsMapping.java:122)
	at com.mysql.cj.jdbc.ClientPreparedStatement.executeInternal(ClientPreparedStatement.java:916)
	at com.mysql.cj.jdbc.ClientPreparedStatement.executeQuery(ClientPreparedStatement.java:972)
	at com.zaxxer.hikari.pool.ProxyPreparedStatement.executeQuery(ProxyPreparedStatement.java:52)
	at com.zaxxer.hikari.pool.HikariProxyPreparedStatement.executeQuery(HikariProxyPreparedStatement.java)
	at org.hibernate.sql.results.jdbc.internal.DeferredResultSetAccess.executeQuery(DeferredResultSetAccess.java:217)
	at org.hibernate.sql.results.jdbc.internal.DeferredResultSetAccess.getResultSet(DeferredResultSetAccess.java:146)
	at org.hibernate.sql.results.jdbc.internal.AbstractResultSetAccess.getMetaData(AbstractResultSetAccess.java:33)
	at org.hibernate.sql.results.jdbc.internal.AbstractResultSetAccess.getColumnCount(AbstractResultSetAccess.java:49)
	at org.hibernate.query.results.ResultSetMappingImpl.resolve(ResultSetMappingImpl.java:187)
	at org.hibernate.sql.exec.internal.JdbcSelectExecutorStandardImpl.resolveJdbcValuesSource(JdbcSelectExecutorStandardImpl.java:559)
	at org.hibernate.sql.exec.internal.JdbcSelectExecutorStandardImpl.doExecuteQuery(JdbcSelectExecutorStandardImpl.java:350)
	at org.hibernate.sql.exec.internal.JdbcSelectExecutorStandardImpl.executeQuery(JdbcSelectExecutorStandardImpl.java:166)
	at org.hibernate.sql.exec.internal.JdbcSelectExecutorStandardImpl.list(JdbcSelectExecutorStandardImpl.java:91)
	at org.hibernate.sql.exec.spi.JdbcSelectExecutor.list(JdbcSelectExecutor.java:31)
	at org.hibernate.query.sql.internal.NativeSelectQueryPlanImpl.performList(NativeSelectQueryPlanImpl.java:103)
	at org.hibernate.query.sql.internal.NativeQueryImpl.doList(NativeQueryImpl.java:596)
	at org.hibernate.query.spi.AbstractSelectionQuery.list(AbstractSelectionQuery.java:363)
	at org.hibernate.query.Query.getResultList(Query.java:94)
	at org.springframework.data.jpa.repository.query.JpaQueryExecution$CollectionExecution.doExecute(JpaQueryExecution.java:127)
	at org.springframework.data.jpa.repository.query.JpaQueryExecution.execute(JpaQueryExecution.java:90)
	at org.springframework.data.jpa.repository.query.AbstractJpaQuery.doExecute(AbstractJpaQuery.java:148)
	at org.springframework.data.jpa.repository.query.AbstractJpaQuery.execute(AbstractJpaQuery.java:136)
	at org.springframework.data.repository.core.support.RepositoryMethodInvoker.doInvoke(RepositoryMethodInvoker.java:136)
	at org.springframework.data.repository.core.support.RepositoryMethodInvoker.invoke(RepositoryMethodInvoker.java:120)
	at org.springframework.data.repository.core.support.QueryExecutorMethodInterceptor.doInvoke(QueryExecutorMethodInterceptor.java:164)
	at org.springframework.data.repository.core.support.QueryExecutorMethodInterceptor.invoke(QueryExecutorMethodInterceptor.java:143)
	at org.springframework.aop.framework.ReflectiveMethodInvocation.proceed(ReflectiveMethodInvocation.java:184)
	at org.springframework.data.projection.DefaultMethodInvokingMethodInterceptor.invoke(DefaultMethodInvokingMethodInterceptor.java:77)
	at org.springframework.aop.framework.ReflectiveMethodInvocation.proceed(ReflectiveMethodInvocation.java:184)
	at org.springframework.transaction.interceptor.TransactionInterceptor$1.proceedWithInvocation(TransactionInterceptor.java:123)
	at org.springframework.transaction.interceptor.TransactionAspectSupport.invokeWithinTransaction(TransactionAspectSupport.java:388)
	at org.springframework.transaction.interceptor.TransactionInterceptor.invoke(TransactionInterceptor.java:119)
	at org.springframework.aop.framework.ReflectiveMethodInvocation.proceed(ReflectiveMethodInvocation.java:184)
	at org.springframework.dao.support.PersistenceExceptionTranslationInterceptor.invoke(PersistenceExceptionTranslationInterceptor.java:137)
	at org.springframework.aop.framework.ReflectiveMethodInvocation.proceed(ReflectiveMethodInvocation.java:184)
	at org.springframework.data.jpa.repository.support.CrudMethodMetadataPostProcessor$CrudMethodMetadataPopulatingMethodInterceptor.invoke(CrudMethodMetadataPostProcessor.java:134)
	at org.springframework.aop.framework.ReflectiveMethodInvocation.proceed(ReflectiveMethodInvocation.java:184)
	at org.springframework.aop.interceptor.ExposeInvocationInterceptor.invoke(ExposeInvocationInterceptor.java:97)
	at org.springframework.aop.framework.ReflectiveMethodInvocation.proceed(ReflectiveMethodInvocation.java:184)
	at org.springframework.aop.framework.JdkDynamicAopProxy.invoke(JdkDynamicAopProxy.java:218)
	at jdk.proxy4/jdk.proxy4.$Proxy126.findByname(Unknown Source)
	at com.example.employeepayrollappspringboot.Service.EmployeeService.getEmployeeDataByName(EmployeeService.java:50)
	at com.example.employeepayrollappspringboot.Controller.EmployeeController.getEmployeePayrollDataForDepartment(EmployeeController.java:33)
	at java.base/jdk.internal.reflect.DirectMethodHandleAccessor.invoke(DirectMethodHandleAccessor.java:104)
	at java.base/java.lang.reflect.Method.invoke(Method.java:578)
	at org.springframework.web.method.support.InvocableHandlerMethod.doInvoke(InvocableHandlerMethod.java:207)
	at org.springframework.web.method.support.InvocableHandlerMethod.invokeForRequest(InvocableHandlerMethod.java:152)
	at org.springframework.web.servlet.mvc.method.annotation.ServletInvocableHandlerMethod.invokeAndHandle(ServletInvocableHandlerMethod.java:117)
	at org.springframework.web.servlet.mvc.method.annotation.RequestMappingHandlerAdapter.invokeHandlerMethod(RequestMappingHandlerAdapter.java:884)
	at org.springframework.web.servlet.mvc.method.annotation.RequestMappingHandlerAdapter.handleInternal(RequestMappingHandlerAdapter.java:797)
	at org.springframework.web.servlet.mvc.method.AbstractHandlerMethodAdapter.handle(AbstractHandlerMethodAdapter.java:87)
	at org.springframework.web.servlet.DispatcherServlet.doDispatch(DispatcherServlet.java:1080)
	at org.springframework.web.servlet.DispatcherServlet.doService(DispatcherServlet.java:973)
	at org.springframework.web.servlet.FrameworkServlet.processRequest(FrameworkServlet.java:1003)
	at org.springframework.web.servlet.FrameworkServlet.doGet(FrameworkServlet.java:895)
	at jakarta.servlet.http.HttpServlet.service(HttpServlet.java:705)
	at org.springframework.web.servlet.FrameworkServlet.service(FrameworkServlet.java:880)
	at jakarta.servlet.http.HttpServlet.service(HttpServlet.java:814)
	at org.apache.catalina.core.ApplicationFilterChain.internalDoFilter(ApplicationFilterChain.java:223)
	at org.apache.catalina.core.ApplicationFilterChain.doFilter(ApplicationFilterChain.java:158)
	at org.apache.tomcat.websocket.server.WsFilter.doFilter(WsFilter.java:53)
	at org.apache.catalina.core.ApplicationFilterChain.internalDoFilter(ApplicationFilterChain.java:185)
	at org.apache.catalina.core.ApplicationFilterChain.doFilter(ApplicationFilterChain.java:158)
	at org.springframework.web.filter.RequestContextFilter.doFilterInternal(RequestContextFilter.java:100)
	at org.springframework.web.filter.OncePerRequestFilter.doFilter(OncePerRequestFilter.java:116)
	at org.apache.catalina.core.ApplicationFilterChain.internalDoFilter(ApplicationFilterChain.java:185)
	at org.apache.catalina.core.ApplicationFilterChain.doFilter(ApplicationFilterChain.java:158)
	at org.springframework.web.filter.FormContentFilter.doFilterInternal(FormContentFilter.java:93)
	at org.springframework.web.filter.OncePerRequestFilter.doFilter(OncePerRequestFilter.java:116)
	at org.apache.catalina.core.ApplicationFilterChain.internalDoFilter(ApplicationFilterChain.java:185)
	at org.apache.catalina.core.ApplicationFilterChain.doFilter(ApplicationFilterChain.java:158)
	at org.springframework.web.filter.CharacterEncodingFilter.doFilterInternal(CharacterEncodingFilter.java:201)
	at org.springframework.web.filter.OncePerRequestFilter.doFilter(OncePerRequestFilter.java:116)
	at org.apache.catalina.core.ApplicationFilterChain.internalDoFilter(ApplicationFilterChain.java:185)
	at org.apache.catalina.core.ApplicationFilterChain.doFilter(ApplicationFilterChain.java:158)
	at org.apache.catalina.core.StandardWrapperValve.invoke(StandardWrapperValve.java:197)
	at org.apache.catalina.core.StandardContextValve.invoke(StandardContextValve.java:97)
	at org.apache.catalina.authenticator.AuthenticatorBase.invoke(AuthenticatorBase.java:542)
	at org.apache.catalina.core.StandardHostValve.invoke(StandardHostValve.java:119)
	at org.apache.catalina.valves.ErrorReportValve.invoke(ErrorReportValve.java:92)
	at org.apache.catalina.core.StandardEngineValve.invoke(StandardEngineValve.java:78)
	at org.apache.catalina.connector.CoyoteAdapter.service(CoyoteAdapter.java:357)
	at org.apache.coyote.http11.Http11Processor.service(Http11Processor.java:400)
	at org.apache.coyote.AbstractProcessorLight.process(AbstractProcessorLight.java:65)
	at org.apache.coyote.AbstractProtocol$ConnectionHandler.process(AbstractProtocol.java:861)
	at org.apache.tomcat.util.net.NioEndpoint$SocketProcessor.doRun(NioEndpoint.java:1739)
	at org.apache.tomcat.util.net.SocketProcessorBase.run(SocketProcessorBase.java:52)
	at org.apache.tomcat.util.threads.ThreadPoolExecutor.runWorker(ThreadPoolExecutor.java:1191)
	at org.apache.tomcat.util.threads.ThreadPoolExecutor$Worker.run(ThreadPoolExecutor.java:659)
	at org.apache.tomcat.util.threads.TaskThread$WrappingRunnable.run(TaskThread.java:61)
	at java.base/java.lang.Thread.run(Thread.java:1589)
2022-2022-12 12:25 [INFO][SpringApplicationShutdownHook][o.s.o.j.LocalContainerEntityManagerFactoryBean:650] Closing JPA EntityManagerFactory for persistence unit 'default'
2022-2022-12 12:25 [INFO][SpringApplicationShutdownHook][c.z.h.HikariDataSource:350] HikariPool-1 - Shutdown initiated...
2022-2022-12 12:25 [INFO][SpringApplicationShutdownHook][c.z.h.HikariDataSource:352] HikariPool-1 - Shutdown completed.
2022-2022-12 12:25 [INFO][restartedMain][c.e.e.EmployeePayrollAppSpringBootApplication:51] Starting EmployeePayrollAppSpringBootApplication using Java 19.0.1 with PID 13472 (C:\Users\Administrator\Desktop\EmployeePayrollAppSB1\EmployeePayrollAppSpringBoot\target\classes started by Administrator in C:\Users\Administrator\Desktop\EmployeePayrollAppSB1\EmployeePayrollAppSpringBoot)
2022-2022-12 12:25 [INFO][restartedMain][c.e.e.EmployeePayrollAppSpringBootApplication:630] No active profile set, falling back to 1 default profile: "default"
2022-2022-12 12:25 [INFO][restartedMain][o.s.b.d.r.ChangeableUrls:250] The Class-Path manifest attribute in C:\Users\Administrator\.m2\repository\com\sun\xml\bind\jaxb-impl\4.0.1\jaxb-impl-4.0.1.jar referenced one or more files that do not exist: file:/C:/Users/Administrator/.m2/repository/com/sun/xml/bind/jaxb-impl/4.0.1/jaxb-core.jar,file:/C:/Users/Administrator/.m2/repository/com/sun/xml/bind/jaxb-impl/4.0.1/angus-activation.jar
2022-2022-12 12:25 [INFO][restartedMain][o.s.b.d.r.ChangeableUrls:250] The Class-Path manifest attribute in C:\Users\Administrator\.m2\repository\com\sun\xml\bind\jaxb-core\4.0.1\jaxb-core-4.0.1.jar referenced one or more files that do not exist: file:/C:/Users/Administrator/.m2/repository/com/sun/xml/bind/jaxb-core/4.0.1/jakarta.activation-api.jar,file:/C:/Users/Administrator/.m2/repository/com/sun/xml/bind/jaxb-core/4.0.1/jakarta.xml.bind-api.jar
2022-2022-12 12:25 [INFO][restartedMain][o.s.b.d.e.DevToolsPropertyDefaultsPostProcessor:250] Devtools property defaults active! Set 'spring.devtools.add-properties' to 'false' to disable
2022-2022-12 12:25 [INFO][restartedMain][o.s.b.d.e.DevToolsPropertyDefaultsPostProcessor:250] For additional web related logging consider setting the 'logging.level.web' property to 'DEBUG'
2022-2022-12 12:25 [INFO][restartedMain][o.s.d.r.c.RepositoryConfigurationDelegate:138] Bootstrapping Spring Data JPA repositories in DEFAULT mode.
2022-2022-12 12:25 [INFO][restartedMain][o.s.d.r.c.RepositoryConfigurationDelegate:208] Finished Spring Data repository scanning in 82 ms. Found 1 JPA repository interfaces.
2022-2022-12 12:25 [INFO][restartedMain][o.s.c.s.PostProcessorRegistrationDelegate$BeanPostProcessorChecker:409] Bean 'org.springframework.ws.config.annotation.DelegatingWsConfiguration' of type [org.springframework.ws.config.annotation.DelegatingWsConfiguration$$SpringCGLIB$$0] is not eligible for getting processed by all BeanPostProcessors (for example: not eligible for auto-proxying)
2022-2022-12 12:25 [INFO][restartedMain][o.s.w.s.a.s.AnnotationActionEndpointMapping:239] Supporting [WS-Addressing August 2004, WS-Addressing 1.0]
2022-2022-12 12:25 [INFO][restartedMain][o.s.b.w.e.t.TomcatWebServer:114] Tomcat initialized with port(s): 8081 (http)
2022-2022-12 12:25 [INFO][restartedMain][o.a.c.c.StandardService:173] Starting service [Tomcat]
2022-2022-12 12:25 [INFO][restartedMain][o.a.c.c.StandardEngine:173] Starting Servlet engine: [Apache Tomcat/10.1.1]
2022-2022-12 12:25 [INFO][restartedMain][o.a.c.c.C.[.[.[/]:173] Initializing Spring embedded WebApplicationContext
2022-2022-12 12:25 [INFO][restartedMain][o.s.b.w.s.c.ServletWebServerApplicationContext:291] Root WebApplicationContext: initialization completed in 3138 ms
2022-2022-12 12:25 [INFO][restartedMain][o.h.j.i.u.LogHelper:31] HHH000204: Processing PersistenceUnitInfo [name: default]
2022-2022-12 12:25 [INFO][restartedMain][o.h.Version:44] HHH000412: Hibernate ORM core version 6.1.5.Final
2022-2022-12 12:25 [WARN][restartedMain][o.h.o.deprecation:626] HHH90000021: Encountered deprecated setting [javax.persistence.sharedCache.mode], use [jakarta.persistence.sharedCache.mode] instead
2022-2022-12 12:25 [INFO][restartedMain][c.z.h.HikariDataSource:110] HikariPool-1 - Starting...
2022-2022-12 12:25 [INFO][restartedMain][c.z.h.p.HikariPool:565] HikariPool-1 - Added connection com.mysql.cj.jdbc.ConnectionImpl@72fd55e0
2022-2022-12 12:25 [INFO][restartedMain][c.z.h.HikariDataSource:123] HikariPool-1 - Start completed.
2022-2022-12 12:25 [INFO][restartedMain][SQL dialect:66] HHH000400: Using dialect: org.hibernate.dialect.MySQLDialect
2022-2022-12 12:25 [INFO][restartedMain][o.h.e.t.j.p.i.JtaPlatformInitiator:51] HHH000490: Using JtaPlatform implementation: [org.hibernate.engine.transaction.jta.platform.internal.NoJtaPlatform]
2022-2022-12 12:25 [INFO][restartedMain][o.s.o.j.LocalContainerEntityManagerFactoryBean:437] Initialized JPA EntityManagerFactory for persistence unit 'default'
2022-2022-12 12:25 [WARN][restartedMain][o.s.b.a.o.j.JpaBaseConfiguration$JpaWebConfiguration:227] spring.jpa.open-in-view is enabled by default. Therefore, database queries may be performed during view rendering. Explicitly configure spring.jpa.open-in-view to disable this warning
2022-2022-12 12:25 [WARN][restartedMain][o.s.b.a.t.ThymeleafAutoConfiguration$DefaultTemplateResolverConfiguration:101] Cannot find template location: classpath:/templates/ (please add some templates, check your Thymeleaf configuration, or set spring.thymeleaf.check-template-location=false)
2022-2022-12 12:25 [INFO][restartedMain][o.s.b.d.a.OptionalLiveReloadServer:59] LiveReload server is running on port 35729
2022-2022-12 12:25 [INFO][restartedMain][o.s.b.w.e.t.TomcatWebServer:226] Tomcat started on port(s): 8081 (http) with context path ''
2022-2022-12 12:25 [INFO][restartedMain][c.e.e.EmployeePayrollAppSpringBootApplication:57] Started EmployeePayrollAppSpringBootApplication in 9.314 seconds (process running for 10.921)
2022-2022-12 12:25 [INFO][http-nio-8081-exec-2][o.a.c.c.C.[.[.[/]:173] Initializing Spring DispatcherServlet 'dispatcherServlet'
2022-2022-12 12:25 [INFO][http-nio-8081-exec-2][o.s.w.s.DispatcherServlet:525] Initializing Servlet 'dispatcherServlet'
2022-2022-12 12:25 [INFO][http-nio-8081-exec-2][o.s.w.s.DispatcherServlet:547] Completed initialization in 2 ms
